<?xml version="1.0" encoding="UTF-8"?>
<robot generator="Robot 6.0.1 (Python 3.11.0 on win32)" generated="20221221 15:23:11.455" rpa="false" schemaversion="3">
<suite id="s1" name="T004-DELETE-Request" source="C:\Users\asad.mumtaz\PycharmProjects\API-Automation\TestCases\T004-DELETE-Request.robot">
<test id="s1-t1" name="Delete_user" line="11">
<kw name="Create Session" library="RequestsLibrary">
<arg>Delete_user</arg>
<arg>${base_url}</arg>
<doc>Create Session: create a HTTP session to a server</doc>
<msg timestamp="20221221 15:23:11.552" level="INFO">Creating Session using : alias=Delete_user, url=https://reqres.in/, headers={},                     cookies={}, auth=None, timeout=None, proxies=None, verify=False,                     debug=0 </msg>
<status status="PASS" starttime="20221221 15:23:11.552" endtime="20221221 15:23:11.552"/>
</kw>
<kw name="Delete Request" library="RequestsLibrary">
<var>${response}</var>
<arg>Delete_user</arg>
<arg>api/users/2</arg>
<doc>*DEPRECATED* Please use `DELETE On Session` instead.</doc>
<msg timestamp="20221221 15:23:11.553" level="WARN">Keyword 'RequestsLibrary.Delete Request' is deprecated. Please use `DELETE On Session` instead.</msg>
<msg timestamp="20221221 15:23:12.243" level="INFO">DELETE Request : url=https://reqres.in/api/users/2 
 path_url=/api/users/2 
 headers={'User-Agent': 'python-requests/2.28.1', 'Accept-Encoding': 'gzip, deflate', 'Accept': '*/*', 'Connection': 'keep-alive', 'Content-Length': '0'} 
 body=None 
 </msg>
<msg timestamp="20221221 15:23:12.243" level="INFO">DELETE Response : url=https://reqres.in/api/users/2 
 status=204, reason=No Content 
 headers={'Date': 'Wed, 21 Dec 2022 10:23:12 GMT', 'Content-Length': '0', 'Connection': 'keep-alive', 'X-Powered-By': 'Express', 'Access-Control-Allow-Origin': '*', 'Etag': 'W/"2-vyGp6PvFo4RvsFtPoIWeCReyIC8"', 'Via': '1.1 vegur', 'CF-Cache-Status': 'DYNAMIC', 'Report-To': '{"endpoints":[{"url":"https:\\/\\/a.nel.cloudflare.com\\/report\\/v3?s=v%2FYXWankAnAU79Jtk5F8Faw4dy3k5xZS9mFmyHDPyCu5yC19dPtk5NK%2B170G8F1dReTXv1UTenNJAG7MwJqtnuy6Dl264nbXkwv08atDf2Q%2FpH%2BGWVfrgDF8tw%3D%3D"}],"group":"cf-nel","max_age":604800}', 'NEL': '{"success_fraction":0,"report_to":"cf-nel","max_age":604800}', 'Server': 'cloudflare', 'CF-RAY': '77cfe6a1eeaf4af6-SIN'} 
 body=None 
 </msg>
<msg timestamp="20221221 15:23:12.243" level="INFO">C:\Users\asad.mumtaz\AppData\Local\Programs\Python\Python311\Lib\site-packages\urllib3\connectionpool.py:1045: InsecureRequestWarning: Unverified HTTPS request is being made to host 'reqres.in'. Adding certificate verification is strongly advised. See: https://urllib3.readthedocs.io/en/1.26.x/advanced-usage.html#ssl-warnings
  warnings.warn(</msg>
<msg timestamp="20221221 15:23:12.244" level="INFO">${response} = &lt;Response [204]&gt;</msg>
<status status="PASS" starttime="20221221 15:23:11.553" endtime="20221221 15:23:12.244"/>
</kw>
<kw name="Log To Console" library="BuiltIn">
<arg>${response.status_code}</arg>
<doc>Logs the given message to the console.</doc>
<status status="PASS" starttime="20221221 15:23:12.245" endtime="20221221 15:23:12.247"/>
</kw>
<kw name="Log To Console" library="BuiltIn">
<arg>${response.content}</arg>
<doc>Logs the given message to the console.</doc>
<status status="PASS" starttime="20221221 15:23:12.248" endtime="20221221 15:23:12.250"/>
</kw>
<kw name="Convert To String" library="BuiltIn">
<var>${status_code}</var>
<arg>${response.status_code}</arg>
<doc>Converts the given item to a Unicode string.</doc>
<msg timestamp="20221221 15:23:12.252" level="INFO">${status_code} = 204</msg>
<status status="PASS" starttime="20221221 15:23:12.250" endtime="20221221 15:23:12.252"/>
</kw>
<kw name="Should Be Equal" library="BuiltIn">
<arg>${status_code}</arg>
<arg>204</arg>
<doc>Fails if the given objects are unequal.</doc>
<status status="PASS" starttime="20221221 15:23:12.253" endtime="20221221 15:23:12.253"/>
</kw>
<status status="PASS" starttime="20221221 15:23:11.551" endtime="20221221 15:23:12.254"/>
</test>
<status status="PASS" starttime="20221221 15:23:11.457" endtime="20221221 15:23:12.257"/>
</suite>
<statistics>
<total>
<stat pass="1" fail="0" skip="0">All Tests</stat>
</total>
<tag>
</tag>
<suite>
<stat pass="1" fail="0" skip="0" id="s1" name="T004-DELETE-Request">T004-DELETE-Request</stat>
</suite>
</statistics>
<errors>
<msg timestamp="20221221 15:23:11.553" level="WARN">Keyword 'RequestsLibrary.Delete Request' is deprecated. Please use `DELETE On Session` instead.</msg>
</errors>
</robot>
